<?xml version="1.0" encoding="UTF-8"?>
<!-- Generated by org.testng.reporters.JUnitReportReporter -->
<testsuite skipped="0" hostname="DESKTOP-SFL0C3K" name="Sample.Demo" tests="1" failures="0" timestamp="2023-04-12T10:28:52 IST" time="0.050" errors="0">
  <testcase name="demo" time="0.050" classname="Sample.Demo"/>
  <system-out/>
</testsuite> <!-- Sample.Demo -->
