<?xml version="1.0" encoding="UTF-8"?>
<!-- Generated by org.testng.reporters.JUnitReportReporter -->
<testsuite skipped="0" hostname="DESKTOP-SFL0C3K" name="Sample.Demo" tests="2" failures="0" timestamp="2023-04-13T12:14:46 IST" time="0.013" errors="0">
  <testcase name="demo1" time="0.001" classname="Sample.Demo"/>
  <system-out/>
  <testcase name="demo" time="0.012" classname="Sample.Demo"/>
  <system-out/>
</testsuite> <!-- Sample.Demo -->
